#-----------------------------------------------------------
# Vivado v2018.3 (64-bit)
# SW Build 2405991 on Thu Dec  6 23:38:27 MST 2018
# IP Build 2404404 on Fri Dec  7 01:43:56 MST 2018
# Start of session at: Fri Jul 31 16:51:04 2020
# Process ID: 13668
# Current directory: E:/xlinx/FPGA/FGNB/FGNB/GOLD MINER3
# Command line: vivado.exe -gui_launcher_event rodinguilauncherevent12284 E:\xlinx\FPGA\FGNB\FGNB\GOLD MINER3\GOLD MINER3.xpr
# Log file: E:/xlinx/FPGA/FGNB/FGNB/GOLD MINER3/vivado.log
# Journal file: E:/xlinx/FPGA/FGNB/FGNB/GOLD MINER3\vivado.jou
#-----------------------------------------------------------
start_gui
open_project {E:/xlinx/FPGA/FGNB/FGNB/GOLD MINER3/GOLD MINER3.xpr}
Scanning sources...
Finished scanning sources
INFO: [IP_Flow 19-234] Refreshing IP repositories
INFO: [IP_Flow 19-1704] No user IP repositories specified
INFO: [IP_Flow 19-2313] Loaded Vivado IP repository 'E:/xlinx/xlinx2/Vivado/2018.3/data/ip'.
open_project: Time (s): cpu = 00:00:20 ; elapsed = 00:00:10 . Memory (MB): peak = 733.539 ; gain = 121.438
update_compile_order -fileset sources_1
file mkdir E:/xlinx/FPGA/FGNB/FGNB/GOLD MINER3/GOLD MINER3.srcs/sources_1/new
can't create directory "E:/xlinx/FPGA/FGNB/FGNB/GOLD": file already exists
file mkdir E:/xlinx/FPGA/FGNB/FGNB/GOLD MINER3/GOLD MINER3.srcs/sources_1/new
can't create directory "E:/xlinx/FPGA/FGNB/FGNB/GOLD": file already exists
file mkdir E:/xlinx/FPGA/FGNB/FGNB/GOLD MINER3/GOLD MINER3.srcs/sources_1/new
can't create directory "E:/xlinx/FPGA/FGNB/FGNB/GOLD": file already exists
file mkdir E:/xlinx/FPGA/FGNB/FGNB/GOLD MINER3/GOLD MINER3.srcs/sources_1/new
can't create directory "E:/xlinx/FPGA/FGNB/FGNB/GOLD": file already exists
file mkdir E:/xlinx/FPGA/FGNB/FGNB/GOLD MINER3/GOLD MINER3.srcs/sources_1/new
can't create directory "E:/xlinx/FPGA/FGNB/FGNB/GOLD": file already exists
file mkdir E:/xlinx/FPGA/FGNB/FGNB/GOLD MINER3/GOLD MINER3.srcs/sources_1/new
can't create directory "E:/xlinx/FPGA/FGNB/FGNB/GOLD": file already exists
file mkdir {E:/xlinx/FPGA/FGNB/FGNB/GOLD MINER3/GOLD MINER3.srcs/sources_1/new}
close [ open {E:/xlinx/FPGA/FGNB/FGNB/GOLD MINER3/GOLD MINER3.srcs/sources_1/new/HDMI.v} w ]
add_files {{E:/xlinx/FPGA/FGNB/FGNB/GOLD MINER3/GOLD MINER3.srcs/sources_1/new/HDMI.v}}
update_compile_order -fileset sources_1
export_ip_user_files -of_objects  [get_files {{E:/xlinx/FPGA/FGNB/FGNB/GOLD MINER3/vga.v}}] -no_script -reset -force -quiet
remove_files  {{E:/xlinx/FPGA/FGNB/FGNB/GOLD MINER3/vga.v}}
exit
INFO: [Common 17-206] Exiting Vivado at Fri Jul 31 16:59:39 2020...
