#-----------------------------------------------------------
# Vivado v2018.3 (64-bit)
# SW Build 2405991 on Thu Dec  6 23:38:27 MST 2018
# IP Build 2404404 on Fri Dec  7 01:43:56 MST 2018
# Start of session at: Fri Jul 31 16:49:46 2020
# Process ID: 11688
# Current directory: E:/xlinx/FPGA/FGNB/FGNB/GOLD MINER3
# Command line: vivado.exe -gui_launcher_event rodinguilauncherevent3128 E:\xlinx\FPGA\FGNB\FGNB\GOLD MINER3\GOLD MINER3.xpr
# Log file: E:/xlinx/FPGA/FGNB/FGNB/GOLD MINER3/vivado.log
# Journal file: E:/xlinx/FPGA/FGNB/FGNB/GOLD MINER3\vivado.jou
#-----------------------------------------------------------
start_gui
open_project {E:/xlinx/FPGA/FGNB/FGNB/GOLD MINER3/GOLD MINER3.xpr}
CRITICAL WARNING: [Project 1-19] Could not find the file 'E:/xlinx/FPGA/FGNB/FGNB/GOLD MINER3/vga.v'.
Scanning sources...
Finished scanning sources
INFO: [IP_Flow 19-234] Refreshing IP repositories
INFO: [IP_Flow 19-1704] No user IP repositories specified
INFO: [IP_Flow 19-2313] Loaded Vivado IP repository 'E:/xlinx/xlinx2/Vivado/2018.3/data/ip'.
open_project: Time (s): cpu = 00:00:19 ; elapsed = 00:00:09 . Memory (MB): peak = 734.328 ; gain = 141.625
update_compile_order -fileset sources_1
exit
INFO: [Common 17-206] Exiting Vivado at Fri Jul 31 16:50:55 2020...
